2025-10-18 16:46:18 [INFO] model_loader: Model loaded from /home/gaditya/instances/projects/Better-Life-Index/backend/utilities/../models/better_life_model_linear_regression.pkl
2025-10-18 16:46:18 [INFO] model_loader: Model loaded from /home/gaditya/instances/projects/Better-Life-Index/backend/utilities/../models/better_life_model_kmeans.pkl
2025-10-19 14:49:57 [INFO] model_loader: Model loaded from /home/gaditya/instances/projects/Better-Life-Index/utilities/../models/better_life_model_linear_regression.pkl
2025-10-19 14:49:57 [INFO] model_loader: Model loaded from /home/gaditya/instances/projects/Better-Life-Index/utilities/../models/better_life_model_kmeans.pkl
2025-10-19 19:52:36 [INFO] model_loader: Model loaded from /home/gaditya/instances/projects/Better-Life-Index/utilities/../models/better_life_model_linear_regression.pkl
2025-10-19 19:52:36 [INFO] model_loader: Model loaded from /home/gaditya/instances/projects/Better-Life-Index/utilities/../models/better_life_model_kmeans.pkl
2025-10-22 12:17:12 [INFO] model_loader: Model loaded from /home/gaditya/instances/projects/Better-Life-Index/utilities/../models/better_life_model_linear_regression.pkl
2025-10-22 12:17:12 [INFO] model_loader: Model loaded from /home/gaditya/instances/projects/Better-Life-Index/utilities/../models/better_life_model_kmeans.pkl
2025-10-22 12:19:28 [INFO] model_loader: Model loaded from /home/gaditya/instances/projects/Better-Life-Index/utilities/../models/better_life_model_linear_regression.pkl
2025-10-22 12:19:28 [INFO] model_loader: Model loaded from /home/gaditya/instances/projects/Better-Life-Index/utilities/../models/better_life_model_kmeans.pkl
2025-10-22 12:19:30 [INFO] model_loader: Model loaded from /home/gaditya/instances/projects/Better-Life-Index/utilities/../models/better_life_model_linear_regression.pkl
2025-10-22 12:19:30 [INFO] model_loader: Model loaded from /home/gaditya/instances/projects/Better-Life-Index/utilities/../models/better_life_model_kmeans.pkl
2025-10-22 12:19:32 [INFO] model_loader: Model loaded from /home/gaditya/instances/projects/Better-Life-Index/utilities/../models/better_life_model_linear_regression.pkl
2025-10-22 12:19:33 [INFO] model_loader: Model loaded from /home/gaditya/instances/projects/Better-Life-Index/utilities/../models/better_life_model_kmeans.pkl
2025-10-22 12:19:36 [INFO] model_loader: Model loaded from /home/gaditya/instances/projects/Better-Life-Index/utilities/../models/better_life_model_linear_regression.pkl
2025-10-22 12:19:36 [INFO] model_loader: Model loaded from /home/gaditya/instances/projects/Better-Life-Index/utilities/../models/better_life_model_kmeans.pkl
2025-10-22 12:25:29 [INFO] model_loader: Model loaded from /home/gaditya/instances/projects/Better-Life-Index/utilities/../models/better_life_model_linear_regression.pkl
2025-10-22 12:25:29 [INFO] model_loader: Model loaded from /home/gaditya/instances/projects/Better-Life-Index/utilities/../models/better_life_model_kmeans.pkl
2025-10-22 12:26:31 [INFO] model_loader: Model loaded from /home/gaditya/instances/projects/Better-Life-Index/utilities/../models/better_life_model_linear_regression.pkl
2025-10-22 12:26:31 [INFO] model_loader: Model loaded from /home/gaditya/instances/projects/Better-Life-Index/utilities/../models/better_life_model_kmeans.pkl
2025-10-22 12:30:11 [INFO] model_loader: Model loaded from /home/gaditya/instances/projects/Better-Life-Index/utilities/../models/better_life_model_linear_regression.pkl
2025-10-22 12:30:11 [INFO] model_loader: Model loaded from /home/gaditya/instances/projects/Better-Life-Index/utilities/../models/better_life_model_kmeans.pkl
2025-10-22 12:31:05 [INFO] model_loader: Model loaded from /home/gaditya/instances/projects/Better-Life-Index/utilities/../models/better_life_model_linear_regression.pkl
2025-10-22 12:31:05 [INFO] model_loader: Model loaded from /home/gaditya/instances/projects/Better-Life-Index/utilities/../models/better_life_model_kmeans.pkl
2025-10-22 12:35:10 [INFO] model_loader: Model loaded from /home/gaditya/instances/projects/Better-Life-Index/utilities/../models/better_life_model_linear_regression.pkl
2025-10-22 12:35:10 [INFO] model_loader: Model loaded from /home/gaditya/instances/projects/Better-Life-Index/utilities/../models/better_life_model_kmeans.pkl
2025-10-22 12:39:17 [INFO] model_loader: Model loaded from /home/gaditya/instances/projects/Better-Life-Index/utilities/../models/better_life_model_linear_regression.pkl
2025-10-22 12:39:17 [INFO] model_loader: Model loaded from /home/gaditya/instances/projects/Better-Life-Index/utilities/../models/better_life_model_kmeans.pkl
2025-10-22 12:41:33 [INFO] model_loader: Model loaded from /home/gaditya/instances/projects/Better-Life-Index/utilities/../models/better_life_model_linear_regression.pkl
2025-10-22 12:41:33 [INFO] model_loader: Model loaded from /home/gaditya/instances/projects/Better-Life-Index/utilities/../models/better_life_model_kmeans.pkl
2025-10-22 12:43:51 [INFO] model_loader: Model loaded from /home/gaditya/instances/projects/Better-Life-Index/utilities/../models/better_life_model_linear_regression.pkl
2025-10-22 12:43:51 [INFO] model_loader: Model loaded from /home/gaditya/instances/projects/Better-Life-Index/utilities/../models/better_life_model_kmeans.pkl
2025-10-22 12:44:43 [INFO] model_loader: Model loaded from /home/gaditya/instances/projects/Better-Life-Index/utilities/../models/better_life_model_linear_regression.pkl
2025-10-22 12:44:43 [INFO] model_loader: Model loaded from /home/gaditya/instances/projects/Better-Life-Index/utilities/../models/better_life_model_kmeans.pkl
2025-10-22 12:47:01 [INFO] model_loader: Model loaded from /home/gaditya/instances/projects/Better-Life-Index/utilities/../models/better_life_model_linear_regression.pkl
2025-10-22 12:47:01 [INFO] model_loader: Model loaded from /home/gaditya/instances/projects/Better-Life-Index/utilities/../models/better_life_model_kmeans.pkl
2025-10-22 12:49:54 [INFO] model_loader: Model loaded from /home/gaditya/instances/projects/Better-Life-Index/utilities/../models/better_life_model_linear_regression.pkl
2025-10-22 12:49:54 [INFO] model_loader: Model loaded from /home/gaditya/instances/projects/Better-Life-Index/utilities/../models/better_life_model_kmeans.pkl
2025-10-22 12:50:06 [INFO] model_loader: Model loaded from /home/gaditya/instances/projects/Better-Life-Index/utilities/../models/better_life_model_linear_regression.pkl
2025-10-22 12:50:06 [INFO] model_loader: Model loaded from /home/gaditya/instances/projects/Better-Life-Index/utilities/../models/better_life_model_kmeans.pkl
2025-10-22 12:50:40 [INFO] model_loader: Model loaded from /home/gaditya/instances/projects/Better-Life-Index/utilities/../models/better_life_model_linear_regression.pkl
2025-10-22 12:50:40 [INFO] model_loader: Model loaded from /home/gaditya/instances/projects/Better-Life-Index/utilities/../models/better_life_model_kmeans.pkl
2025-10-24 09:52:03 [INFO] model_loader: Model loaded from /Users/aditya/instances/Better-Life-Index/utilities/../models/better_life_model_linear_regression.pkl
2025-10-24 09:52:04 [INFO] model_loader: Model loaded from /Users/aditya/instances/Better-Life-Index/utilities/../models/better_life_model_kmeans.pkl
2025-10-24 09:55:16 [INFO] model_loader: Model loaded from /Users/aditya/instances/Better-Life-Index/utilities/../models/better_life_model_linear_regression.pkl
2025-10-24 09:55:16 [INFO] model_loader: Model loaded from /Users/aditya/instances/Better-Life-Index/utilities/../models/better_life_model_kmeans.pkl
